[1.746s] DEBUG:colcon:Command line arguments: ['/usr/bin/colcon', 'build']
[1.747s] DEBUG:colcon:Parsed command line arguments: Namespace(log_base=None, log_level=None, verb_name='build', build_base='build', install_base='install', merge_install=False, symlink_install=False, test_result_base=None, continue_on_error=False, executor='parallel', parallel_workers=2, event_handlers=None, ignore_user_meta=False, metas=['./colcon.meta'], base_paths=['.'], packages_ignore=None, packages_ignore_regex=None, paths=None, packages_up_to=None, packages_up_to_regex=None, packages_above=None, packages_above_and_dependencies=None, packages_above_depth=None, packages_select_by_dep=None, packages_skip_by_dep=None, packages_skip_up_to=None, packages_select_build_failed=False, packages_skip_build_finished=False, packages_select_test_failures=False, packages_skip_test_passed=False, packages_select=None, packages_skip=None, packages_select_regex=None, packages_skip_regex=None, packages_start=None, packages_end=None, allow_overriding=[], cmake_args=None, cmake_target=None, cmake_target_skip_unavailable=False, cmake_clean_cache=False, cmake_clean_first=False, cmake_force_configure=False, ament_cmake_args=None, catkin_cmake_args=None, catkin_skip_building_tests=False, mixin_files=None, mixin=None, verb_parser=<colcon_mixin.mixin.mixin_argument.MixinArgumentDecorator object at 0x755c4f05d8d0>, verb_extension=<colcon_core.verb.build.BuildVerb object at 0x755c4f05d3f0>, main=<bound method BuildVerb.main of <colcon_core.verb.build.BuildVerb object at 0x755c4f05d3f0>>, mixin_verb=('build',))
[4.796s] Level 1:colcon.colcon_core.package_discovery:discover_packages(colcon_meta) check parameters
[4.798s] Level 1:colcon.colcon_core.package_discovery:discover_packages(recursive) check parameters
[4.798s] Level 1:colcon.colcon_core.package_discovery:discover_packages(ignore) check parameters
[4.798s] Level 1:colcon.colcon_core.package_discovery:discover_packages(path) check parameters
[4.798s] Level 1:colcon.colcon_core.package_discovery:discover_packages(colcon_meta) discover
[4.798s] Level 1:colcon.colcon_core.package_discovery:discover_packages(recursive) discover
[4.799s] INFO:colcon.colcon_core.package_discovery:Crawling recursively for packages in '/home/madu/Desktop/ros2_ws/src/my_package/my_package'
[4.799s] Level 1:colcon.colcon_core.package_identification:_identify(.) by extensions ['ignore', 'ignore_ament_install']
[4.800s] Level 1:colcon.colcon_core.package_identification:_identify(.) by extension 'ignore'
[4.801s] Level 1:colcon.colcon_core.package_identification:_identify(.) by extension 'ignore_ament_install'
[4.802s] Level 1:colcon.colcon_core.package_identification:_identify(.) by extensions ['colcon_pkg']
[4.802s] Level 1:colcon.colcon_core.package_identification:_identify(.) by extension 'colcon_pkg'
[4.802s] Level 1:colcon.colcon_core.package_identification:_identify(.) by extensions ['colcon_meta']
[4.802s] Level 1:colcon.colcon_core.package_identification:_identify(.) by extension 'colcon_meta'
[4.803s] Level 1:colcon.colcon_core.package_identification:_identify(.) by extensions ['ros']
[4.803s] Level 1:colcon.colcon_core.package_identification:_identify(.) by extension 'ros'
[4.879s] Level 1:colcon.colcon_core.package_identification:_identify(.) by extensions ['cmake', 'python']
[4.880s] Level 1:colcon.colcon_core.package_identification:_identify(.) by extension 'cmake'
[4.880s] Level 1:colcon.colcon_core.package_identification:_identify(.) by extension 'python'
[4.880s] Level 1:colcon.colcon_core.package_identification:_identify(.) by extensions ['python_setup_py']
[4.880s] Level 1:colcon.colcon_core.package_identification:_identify(.) by extension 'python_setup_py'
[4.881s] Level 1:colcon.colcon_core.package_identification:_identify(build) by extensions ['ignore', 'ignore_ament_install']
[4.882s] Level 1:colcon.colcon_core.package_identification:_identify(build) by extension 'ignore'
[4.882s] Level 1:colcon.colcon_core.package_identification:_identify(build) ignored
[4.882s] Level 1:colcon.colcon_core.package_identification:_identify(install) by extensions ['ignore', 'ignore_ament_install']
[4.883s] Level 1:colcon.colcon_core.package_identification:_identify(install) by extension 'ignore'
[4.883s] Level 1:colcon.colcon_core.package_identification:_identify(install) ignored
[4.883s] Level 1:colcon.colcon_core.package_identification:_identify(log) by extensions ['ignore', 'ignore_ament_install']
[4.884s] Level 1:colcon.colcon_core.package_identification:_identify(log) by extension 'ignore'
[4.884s] Level 1:colcon.colcon_core.package_identification:_identify(log) ignored
[4.884s] Level 1:colcon.colcon_core.package_discovery:discover_packages(recursive) using defaults
[4.884s] Level 1:colcon.colcon_core.package_discovery:discover_packages(ignore) discover
[4.884s] Level 1:colcon.colcon_core.package_discovery:discover_packages(ignore) using defaults
[4.885s] Level 1:colcon.colcon_core.package_discovery:discover_packages(path) discover
[4.885s] Level 1:colcon.colcon_core.package_discovery:discover_packages(path) using defaults
[5.072s] Level 1:colcon.colcon_core.package_discovery:discover_packages(prefix_path) check parameters
[5.072s] Level 1:colcon.colcon_core.package_discovery:discover_packages(prefix_path) discover
[5.113s] DEBUG:colcon.colcon_installed_package_information.package_discovery:Found 3 installed packages in /home/madu/Desktop/install
[5.125s] DEBUG:colcon.colcon_installed_package_information.package_discovery:Found 271 installed packages in /opt/ros/humble
[5.134s] Level 1:colcon.colcon_core.package_discovery:discover_packages(prefix_path) using defaults
[5.862s] INFO:colcon.colcon_core.executor:Executing jobs using 'parallel' executor
[5.866s] DEBUG:colcon.colcon_parallel_executor.executor.parallel:run_until_complete
[5.872s] DEBUG:colcon.colcon_parallel_executor.executor.parallel:closing loop
[5.873s] DEBUG:colcon.colcon_parallel_executor.executor.parallel:loop closed
[5.873s] DEBUG:colcon.colcon_parallel_executor.executor.parallel:run_until_complete finished with '0'
[5.873s] DEBUG:colcon.colcon_core.event_reactor:joining thread
[6.025s] INFO:colcon.colcon_core.plugin_system:Skipping extension 'colcon_notification.desktop_notification.terminal_notifier': Not used on non-Darwin systems
[6.026s] INFO:colcon.colcon_core.plugin_system:Skipping extension 'colcon_notification.desktop_notification.win32': Not used on non-Windows systems
[6.026s] INFO:colcon.colcon_notification.desktop_notification:Sending desktop notification using 'notify2'
[6.737s] DEBUG:colcon.colcon_core.event_reactor:joined thread
[6.771s] INFO:colcon.colcon_core.plugin_system:Skipping extension 'colcon_core.shell.bat': Not used on non-Windows systems
[6.772s] INFO:colcon.colcon_core.shell:Creating prefix script '/home/madu/Desktop/ros2_ws/src/my_package/my_package/install/local_setup.ps1'
[6.781s] INFO:colcon.colcon_core.shell:Creating prefix util module '/home/madu/Desktop/ros2_ws/src/my_package/my_package/install/_local_setup_util_ps1.py'
[6.791s] INFO:colcon.colcon_core.shell:Creating prefix chain script '/home/madu/Desktop/ros2_ws/src/my_package/my_package/install/setup.ps1'
[6.799s] INFO:colcon.colcon_core.shell:Creating prefix script '/home/madu/Desktop/ros2_ws/src/my_package/my_package/install/local_setup.sh'
[6.805s] INFO:colcon.colcon_core.shell:Creating prefix util module '/home/madu/Desktop/ros2_ws/src/my_package/my_package/install/_local_setup_util_sh.py'
[6.809s] INFO:colcon.colcon_core.shell:Creating prefix chain script '/home/madu/Desktop/ros2_ws/src/my_package/my_package/install/setup.sh'
[6.816s] INFO:colcon.colcon_core.shell:Creating prefix script '/home/madu/Desktop/ros2_ws/src/my_package/my_package/install/local_setup.bash'
[6.824s] INFO:colcon.colcon_core.shell:Creating prefix chain script '/home/madu/Desktop/ros2_ws/src/my_package/my_package/install/setup.bash'
[6.839s] INFO:colcon.colcon_core.shell:Creating prefix script '/home/madu/Desktop/ros2_ws/src/my_package/my_package/install/local_setup.zsh'
[6.845s] INFO:colcon.colcon_core.shell:Creating prefix chain script '/home/madu/Desktop/ros2_ws/src/my_package/my_package/install/setup.zsh'
