[3.037s] DEBUG:colcon:Command line arguments: ['/usr/bin/colcon', 'build']
[3.037s] DEBUG:colcon:Parsed command line arguments: Namespace(log_base=None, log_level=None, verb_name='build', build_base='build', install_base='install', merge_install=False, symlink_install=False, test_result_base=None, continue_on_error=False, executor='parallel', parallel_workers=2, event_handlers=None, ignore_user_meta=False, metas=['./colcon.meta'], base_paths=['.'], packages_ignore=None, packages_ignore_regex=None, paths=None, packages_up_to=None, packages_up_to_regex=None, packages_above=None, packages_above_and_dependencies=None, packages_above_depth=None, packages_select_by_dep=None, packages_skip_by_dep=None, packages_skip_up_to=None, packages_select_build_failed=False, packages_skip_build_finished=False, packages_select_test_failures=False, packages_skip_test_passed=False, packages_select=None, packages_skip=None, packages_select_regex=None, packages_skip_regex=None, packages_start=None, packages_end=None, allow_overriding=[], cmake_args=None, cmake_target=None, cmake_target_skip_unavailable=False, cmake_clean_cache=False, cmake_clean_first=False, cmake_force_configure=False, ament_cmake_args=None, catkin_cmake_args=None, catkin_skip_building_tests=False, mixin_files=None, mixin=None, verb_parser=<colcon_mixin.mixin.mixin_argument.MixinArgumentDecorator object at 0x7eee116598d0>, verb_extension=<colcon_core.verb.build.BuildVerb object at 0x7eee116593f0>, main=<bound method BuildVerb.main of <colcon_core.verb.build.BuildVerb object at 0x7eee116593f0>>, mixin_verb=('build',))
[7.017s] Level 1:colcon.colcon_core.package_discovery:discover_packages(colcon_meta) check parameters
[7.018s] Level 1:colcon.colcon_core.package_discovery:discover_packages(recursive) check parameters
[7.018s] Level 1:colcon.colcon_core.package_discovery:discover_packages(ignore) check parameters
[7.019s] Level 1:colcon.colcon_core.package_discovery:discover_packages(path) check parameters
[7.019s] Level 1:colcon.colcon_core.package_discovery:discover_packages(colcon_meta) discover
[7.020s] Level 1:colcon.colcon_core.package_discovery:discover_packages(recursive) discover
[7.020s] INFO:colcon.colcon_core.package_discovery:Crawling recursively for packages in '/home/madu/Desktop/ros2_ws/src/my_package/my_package'
[7.023s] Level 1:colcon.colcon_core.package_identification:_identify(.) by extensions ['ignore', 'ignore_ament_install']
[7.024s] Level 1:colcon.colcon_core.package_identification:_identify(.) by extension 'ignore'
[7.024s] Level 1:colcon.colcon_core.package_identification:_identify(.) by extension 'ignore_ament_install'
[7.025s] Level 1:colcon.colcon_core.package_identification:_identify(.) by extensions ['colcon_pkg']
[7.026s] Level 1:colcon.colcon_core.package_identification:_identify(.) by extension 'colcon_pkg'
[7.026s] Level 1:colcon.colcon_core.package_identification:_identify(.) by extensions ['colcon_meta']
[7.026s] Level 1:colcon.colcon_core.package_identification:_identify(.) by extension 'colcon_meta'
[7.027s] Level 1:colcon.colcon_core.package_identification:_identify(.) by extensions ['ros']
[7.027s] Level 1:colcon.colcon_core.package_identification:_identify(.) by extension 'ros'
[7.222s] Level 1:colcon.colcon_core.package_identification:_identify(.) by extensions ['cmake', 'python']
[7.223s] Level 1:colcon.colcon_core.package_identification:_identify(.) by extension 'cmake'
[7.224s] Level 1:colcon.colcon_core.package_identification:_identify(.) by extension 'python'
[7.224s] Level 1:colcon.colcon_core.package_identification:_identify(.) by extensions ['python_setup_py']
[7.224s] Level 1:colcon.colcon_core.package_identification:_identify(.) by extension 'python_setup_py'
[7.228s] Level 1:colcon.colcon_core.package_identification:_identify(build) by extensions ['ignore', 'ignore_ament_install']
[7.230s] Level 1:colcon.colcon_core.package_identification:_identify(build) by extension 'ignore'
[7.230s] Level 1:colcon.colcon_core.package_identification:_identify(build) ignored
[7.234s] Level 1:colcon.colcon_core.package_identification:_identify(install) by extensions ['ignore', 'ignore_ament_install']
[7.236s] Level 1:colcon.colcon_core.package_identification:_identify(install) by extension 'ignore'
[7.239s] Level 1:colcon.colcon_core.package_identification:_identify(install) ignored
[7.240s] Level 1:colcon.colcon_core.package_identification:_identify(log) by extensions ['ignore', 'ignore_ament_install']
[7.241s] Level 1:colcon.colcon_core.package_identification:_identify(log) by extension 'ignore'
[7.241s] Level 1:colcon.colcon_core.package_identification:_identify(log) ignored
[7.241s] Level 1:colcon.colcon_core.package_discovery:discover_packages(recursive) using defaults
[7.244s] Level 1:colcon.colcon_core.package_discovery:discover_packages(ignore) discover
[7.244s] Level 1:colcon.colcon_core.package_discovery:discover_packages(ignore) using defaults
[7.245s] Level 1:colcon.colcon_core.package_discovery:discover_packages(path) discover
[7.245s] Level 1:colcon.colcon_core.package_discovery:discover_packages(path) using defaults
[7.645s] Level 1:colcon.colcon_core.package_discovery:discover_packages(prefix_path) check parameters
[7.645s] Level 1:colcon.colcon_core.package_discovery:discover_packages(prefix_path) discover
[7.695s] DEBUG:colcon.colcon_installed_package_information.package_discovery:Found 3 installed packages in /home/madu/Desktop/install
[7.718s] DEBUG:colcon.colcon_installed_package_information.package_discovery:Found 271 installed packages in /opt/ros/humble
[7.735s] Level 1:colcon.colcon_core.package_discovery:discover_packages(prefix_path) using defaults
[8.933s] INFO:colcon.colcon_core.executor:Executing jobs using 'parallel' executor
[8.940s] DEBUG:colcon.colcon_parallel_executor.executor.parallel:run_until_complete
[8.941s] DEBUG:colcon.colcon_parallel_executor.executor.parallel:closing loop
[8.941s] DEBUG:colcon.colcon_parallel_executor.executor.parallel:loop closed
[8.941s] DEBUG:colcon.colcon_parallel_executor.executor.parallel:run_until_complete finished with '0'
[8.942s] DEBUG:colcon.colcon_core.event_reactor:joining thread
[9.051s] INFO:colcon.colcon_core.plugin_system:Skipping extension 'colcon_notification.desktop_notification.terminal_notifier': Not used on non-Darwin systems
[9.054s] INFO:colcon.colcon_core.plugin_system:Skipping extension 'colcon_notification.desktop_notification.win32': Not used on non-Windows systems
[9.055s] INFO:colcon.colcon_notification.desktop_notification:Sending desktop notification using 'notify2'
[9.840s] DEBUG:colcon.colcon_core.event_reactor:joined thread
[9.932s] INFO:colcon.colcon_core.plugin_system:Skipping extension 'colcon_core.shell.bat': Not used on non-Windows systems
[9.938s] INFO:colcon.colcon_core.shell:Creating prefix script '/home/madu/Desktop/ros2_ws/src/my_package/my_package/install/local_setup.ps1'
[9.972s] INFO:colcon.colcon_core.shell:Creating prefix util module '/home/madu/Desktop/ros2_ws/src/my_package/my_package/install/_local_setup_util_ps1.py'
[9.998s] INFO:colcon.colcon_core.shell:Creating prefix chain script '/home/madu/Desktop/ros2_ws/src/my_package/my_package/install/setup.ps1'
[10.017s] INFO:colcon.colcon_core.shell:Creating prefix script '/home/madu/Desktop/ros2_ws/src/my_package/my_package/install/local_setup.sh'
[10.026s] INFO:colcon.colcon_core.shell:Creating prefix util module '/home/madu/Desktop/ros2_ws/src/my_package/my_package/install/_local_setup_util_sh.py'
[10.041s] INFO:colcon.colcon_core.shell:Creating prefix chain script '/home/madu/Desktop/ros2_ws/src/my_package/my_package/install/setup.sh'
[10.063s] INFO:colcon.colcon_core.shell:Creating prefix script '/home/madu/Desktop/ros2_ws/src/my_package/my_package/install/local_setup.bash'
[10.071s] INFO:colcon.colcon_core.shell:Creating prefix chain script '/home/madu/Desktop/ros2_ws/src/my_package/my_package/install/setup.bash'
[10.089s] INFO:colcon.colcon_core.shell:Creating prefix script '/home/madu/Desktop/ros2_ws/src/my_package/my_package/install/local_setup.zsh'
[10.106s] INFO:colcon.colcon_core.shell:Creating prefix chain script '/home/madu/Desktop/ros2_ws/src/my_package/my_package/install/setup.zsh'
